app/manifest-merger-release-report.txt
-- Merging decision tree log ---
manifest
ADDED from AndroidManifest.xml:2:1
	xmlns:android
		ADDED from AndroidManifest.xml:2:11
	package
		ADDED from AndroidManifest.xml:3:5
		INJECTED from AndroidManifest.xml:0:0
		INJECTED from AndroidManifest.xml:0:0
	android:versionName
		ADDED from AndroidManifest.xml:5:5
	android:versionCode
		ADDED from AndroidManifest.xml:4:5
		INJECTED from AndroidManifest.xml:0:0
		INJECTED from AndroidManifest.xml:0:0
uses-sdk
ADDED from AndroidManifest.xml:7:5
MERGED from com.android.support:support-v4:21.0.3:15:5
MERGED from com.google.android.gms:play-services:6.5.87:18:5
MERGED from com.android.support:support-v4:21.0.3:15:5
	android:targetSdkVersion
		ADDED from AndroidManifest.xml:9:9
		INJECTED from AndroidManifest.xml:0:0
		INJECTED from AndroidManifest.xml:0:0
	android:minSdkVersion
		ADDED from AndroidManifest.xml:8:9
		INJECTED from AndroidManifest.xml:0:0
		INJECTED from AndroidManifest.xml:0:0
application
ADDED from AndroidManifest.xml:11:5
MERGED from com.android.support:support-v4:21.0.3:16:5
MERGED from com.google.android.gms:play-services:6.5.87:20:5
MERGED from com.android.support:support-v4:21.0.3:16:5
	android:label
		ADDED from AndroidManifest.xml:14:9
	android:allowBackup
		ADDED from AndroidManifest.xml:12:9
	android:icon
		ADDED from AndroidManifest.xml:13:9
	android:theme
		ADDED from AndroidManifest.xml:15:9
meta-data#com.google.android.gms.version
ADDED from AndroidManifest.xml:16:10
MERGED from com.google.android.gms:play-services:6.5.87:21:9
	android:name
		ADDED from AndroidManifest.xml:16:21
	android:value
		ADDED from AndroidManifest.xml:17:16
activity#com.ads.admobshowroom.MainActivity
ADDED from AndroidManifest.xml:18:9
	android:label
		ADDED from AndroidManifest.xml:20:13
	android:name
		ADDED from AndroidManifest.xml:19:13
intent-filter#android.intent.action.MAIN+android.intent.category.LAUNCHER
ADDED from AndroidManifest.xml:21:13
action#android.intent.action.MAIN
ADDED from AndroidManifest.xml:22:17
	android:name
		ADDED from AndroidManifest.xml:22:25
category#android.intent.category.LAUNCHER
ADDED from AndroidManifest.xml:24:17
	android:name
		ADDED from AndroidManifest.xml:24:27
activity#com.ads.admobshowroom.AdViewActivity
ADDED from AndroidManifest.xml:27:9
	android:label
		ADDED from AndroidManifest.xml:29:13
	android:parentActivityName
		ADDED from AndroidManifest.xml:30:13
	android:name
		ADDED from AndroidManifest.xml:28:13
meta-data#android.support.PARENT_ACTIVITY
ADDED from AndroidManifest.xml:31:13
	android:name
		ADDED from AndroidManifest.xml:32:17
	android:value
		ADDED from AndroidManifest.xml:33:17
activity#com.ads.admobshowroom.SettingsActivity
ADDED from AndroidManifest.xml:35:9
	android:label
		ADDED from AndroidManifest.xml:36:13
	android:name
		ADDED from AndroidManifest.xml:35:19
activity#com.google.android.gms.ads.purchase.InAppPurchaseActivity
ADDED from AndroidManifest.xml:37:9
	android:theme
		ADDED from AndroidManifest.xml:39:13
	android:name
		ADDED from AndroidManifest.xml:38:13
activity#com.google.android.gms.ads.AdActivity
ADDED from AndroidManifest.xml:40:9
	android:configChanges
		ADDED from AndroidManifest.xml:41:14
	android:name
		ADDED from AndroidManifest.xml:40:19
receiver#com.google.ads.conversiontracking.InstallReceiver
ADDED from AndroidManifest.xml:43:9
	android:exported
		ADDED from AndroidManifest.xml:44:13
	android:name
		ADDED from AndroidManifest.xml:43:19
intent-filter#com.android.vending.INSTALL_REFERRER
ADDED from AndroidManifest.xml:45:13
action#com.android.vending.INSTALL_REFERRER
ADDED from AndroidManifest.xml:46:17
	android:name
		ADDED from AndroidManifest.xml:46:25
uses-permission#android.permission.INTERNET
ADDED from AndroidManifest.xml:52:3
	android:name
		ADDED from AndroidManifest.xml:52:20
uses-permission#android.permission.ACCESS_NETWORK_STATE
ADDED from AndroidManifest.xml:53:3
	android:name
		ADDED from AndroidManifest.xml:53:20
uses-permission#com.android.vending.BILLING
ADDED from AndroidManifest.xml:54:3
	android:name
		ADDED from AndroidManifest.xml:54:20